<?xml version="1.0" encoding="UTF-8"?>
<testsuite name="AddressBookTest" tests="2" skipped="0" failures="0" errors="0" timestamp="2021-03-27T05:33:21" hostname="Inspiron-15-3567" time="0.002">
  <properties/>
  <testcase name="givenNullContact_WhenCreated_ShouldReturnFalse" classname="AddressBookTest" time="0.001"/>
  <testcase name="givenContact_WhenProper_ShouldReturnTrue" classname="AddressBookTest" time="0.0"/>
  <system-out><![CDATA[]]></system-out>
  <system-err><![CDATA[]]></system-err>
</testsuite>
